Using pre-set license
Built from 'trunk' branch; Version is '6000.0.20f1 (05208a74e9aa) revision 336010'; Using compiler version '193933523'; Build Type 'Release'
OS: 'Windows 11  (10.0.26100) 64bit Professional' Language: 'ja' Physical Memory: 32486 MB
BatchMode: 1, IsHumanControllingUs: 0, StartBugReporterOnCrash: 0, Is64bit: 1, IsPro: 1

COMMAND LINE ARGUMENTS:
C:\Program Files\Unity\Hub\Editor\6000.0.20f1\Editor\Unity.exe
-adb2
-batchMode
-noUpm
-name
AssetImportWorker0
-projectPath
C:/Users/student/OneDrive - ooharastudent/ドキュメント/GitHub/gameengine-shooting2dd
-logFile
Logs/AssetImportWorker0.log
-srvPort
64011
-job-worker-count
11
-background-job-worker-count
8
-asset-garbage-collectors
1
Successfully changed project path to: C:/Users/student/OneDrive - ooharastudent/ドキュメント/GitHub/gameengine-shooting2dd
C:/Users/student/OneDrive - ooharastudent/ドキュメント/GitHub/gameengine-shooting2dd
[UnityMemory] Configuration Parameters - Can be set up in boot.config
    "memorysetup-bucket-allocator-granularity=16"
    "memorysetup-bucket-allocator-bucket-count=8"
    "memorysetup-bucket-allocator-block-size=33554432"
    "memorysetup-bucket-allocator-block-count=8"
    "memorysetup-main-allocator-block-size=16777216"
    "memorysetup-thread-allocator-block-size=16777216"
    "memorysetup-gfx-main-allocator-block-size=16777216"
    "memorysetup-gfx-thread-allocator-block-size=16777216"
    "memorysetup-cache-allocator-block-size=4194304"
    "memorysetup-typetree-allocator-block-size=2097152"
    "memorysetup-profiler-bucket-allocator-granularity=16"
    "memorysetup-profiler-bucket-allocator-bucket-count=8"
    "memorysetup-profiler-bucket-allocator-block-size=33554432"
    "memorysetup-profiler-bucket-allocator-block-count=8"
    "memorysetup-profiler-allocator-block-size=16777216"
    "memorysetup-profiler-editor-allocator-block-size=1048576"
    "memorysetup-temp-allocator-size-main=16777216"
    "memorysetup-job-temp-allocator-block-size=2097152"
    "memorysetup-job-temp-allocator-block-size-background=1048576"
    "memorysetup-job-temp-allocator-reduction-small-platforms=262144"
    "memorysetup-allocator-temp-initial-block-size-main=262144"
    "memorysetup-allocator-temp-initial-block-size-worker=262144"
    "memorysetup-temp-allocator-size-background-worker=32768"
    "memorysetup-temp-allocator-size-job-worker=262144"
    "memorysetup-temp-allocator-size-preload-manager=33554432"
    "memorysetup-temp-allocator-size-nav-mesh-worker=65536"
    "memorysetup-temp-allocator-size-audio-worker=65536"
    "memorysetup-temp-allocator-size-cloud-worker=32768"
    "memorysetup-temp-allocator-size-gi-baking-worker=262144"
    "memorysetup-temp-allocator-size-gi-baking-worker=262144"
    "memorysetup-temp-allocator-size-gi-baking-worker=262144"
    "memorysetup-temp-allocator-size-gi-baking-worker=262144"
    "memorysetup-temp-allocator-size-gi-baking-worker=262144"
    "memorysetup-temp-allocator-size-gfx=262144"
Player connection [23488]  Target information:

Player connection [23488]  * "[IP] 10.219.32.107 [Port] 0 [Flags] 2 [Guid] 2102889356 [EditorId] 2102889356 [Version] 1048832 [Id] WindowsEditor(7,KIC-GAME-B-07) [Debug] 1 [PackageName] WindowsEditor [ProjectName] Editor" 

Player connection [23488] Host joined multi-casting on [225.0.0.222:54997]...
Player connection [23488] Host joined alternative multi-casting on [225.0.0.222:34997]...
JobSystem: Creating JobQueue using job-worker-count value 11
[Physics::Module] Initialized fallback backend.
[Physics::Module] Id: 0xdecafbad
Library Redirect Path: Library/
[Physics::Module] Selected backend.
[Physics::Module] Name: PhysX
[Physics::Module] Id: 0xf2b8ea05
[Physics::Module] SDK Version: 4.1.2
[Physics::Module] Integration Version: 1.0.0
[Physics::Module] Threading Mode: Multi-Threaded
Refreshing native plugins compatible for Editor in 188.07 ms, found 4 plugins.
Preloading 0 native plugins for Editor in 0.00 ms.
Initialize engine version: 6000.0.20f1 (05208a74e9aa)
[Subsystems] Discovering subsystems at path C:/Program Files/Unity/Hub/Editor/6000.0.20f1/Editor/Data/Resources/UnitySubsystems
[Subsystems] Discovering subsystems at path C:/Users/student/OneDrive - ooharastudent/ドキュメント/GitHub/gameengine-shooting2dd/Assets
GfxDevice: creating device client; kGfxThreadingModeNonThreaded
Direct3D:
    Version:  Direct3D 11.0 [level 11.1]
    Renderer: NVIDIA GeForce RTX 4060 Ti (ID=0x2803)
    Vendor:   NVIDIA
    VRAM:     7949 MB
    Driver:   32.0.15.6624
Initialize mono
Mono path[0] = 'C:/Program Files/Unity/Hub/Editor/6000.0.20f1/Editor/Data/Managed'
Mono path[1] = 'C:/Program Files/Unity/Hub/Editor/6000.0.20f1/Editor/Data/MonoBleedingEdge/lib/mono/unityjit-win32'
Mono config path = 'C:/Program Files/Unity/Hub/Editor/6000.0.20f1/Editor/Data/MonoBleedingEdge/etc'
Using monoOptions --debugger-agent=transport=dt_socket,embedding=1,server=y,suspend=n,address=127.0.0.1:56168
Begin MonoManager ReloadAssembly
Registering precompiled unity dll's ...
Register platform support module: C:/Program Files/Unity/Hub/Editor/6000.0.20f1/Editor/Data/PlaybackEngines/WindowsStandaloneSupport/UnityEditor.WindowsStandalone.Extensions.dll
Registered in 0.156187 seconds.
- Loaded All Assemblies, in  6.733 seconds
Native extension for WindowsStandalone target not found
Mono: successfully reloaded assembly
- Finished resetting the current domain, in  0.263 seconds
Domain Reload Profiling: 6994ms
	BeginReloadAssembly (5553ms)
		ExecutionOrderSort (0ms)
		DisableScriptedObjects (0ms)
		BackupInstance (0ms)
		ReleaseScriptingObjects (0ms)
		CreateAndSetChildDomain (1ms)
	RebuildCommonClasses (310ms)
	RebuildNativeTypeToScriptingClass (8ms)
	initialDomainReloadingComplete (186ms)
	LoadAllAssembliesAndSetupDomain (674ms)
		LoadAssemblies (5551ms)
		RebuildTransferFunctionScriptingTraits (0ms)
		AnalyzeDomain (672ms)
			TypeCache.Refresh (671ms)
				TypeCache.ScanAssembly (503ms)
			BuildScriptInfoCaches (0ms)
			ResolveRequiredComponents (0ms)
	FinalizeReload (263ms)
		ReleaseScriptCaches (0ms)
		RebuildScriptCaches (0ms)
		SetupLoadedEditorAssemblies (238ms)
			LogAssemblyErrors (0ms)
			InitializePlatformSupportModulesInManaged (16ms)
			SetLoadedEditorAssemblies (3ms)
			BeforeProcessingInitializeOnLoad (4ms)
			ProcessInitializeOnLoadAttributes (153ms)
			ProcessInitializeOnLoadMethodAttributes (60ms)
			AfterProcessingInitializeOnLoad (2ms)
			EditorAssembliesLoaded (0ms)
		ExecutionOrderSort2 (0ms)
		AwakeInstancesAfterBackupRestoration (0ms)
========================================================================
Worker process is ready to serve import requests
Import Worker Mode flag is 0x00
Begin MonoManager ReloadAssembly
- Loaded All Assemblies, in  6.800 seconds
Refreshing native plugins compatible for Editor in 0.73 ms, found 4 plugins.
Native extension for WindowsStandalone target not found
Mono: successfully reloaded assembly
- Finished resetting the current domain, in  0.528 seconds
Domain Reload Profiling: 7326ms
	BeginReloadAssembly (995ms)
		ExecutionOrderSort (0ms)
		DisableScriptedObjects (4ms)
		BackupInstance (0ms)
		ReleaseScriptingObjects (0ms)
		CreateAndSetChildDomain (22ms)
	RebuildCommonClasses (23ms)
	RebuildNativeTypeToScriptingClass (7ms)
	initialDomainReloadingComplete (25ms)
	LoadAllAssembliesAndSetupDomain (5748ms)
		LoadAssemblies (5203ms)
		RebuildTransferFunctionScriptingTraits (0ms)
		AnalyzeDomain (612ms)
			TypeCache.Refresh (567ms)
				TypeCache.ScanAssembly (525ms)
			BuildScriptInfoCaches (39ms)
			ResolveRequiredComponents (3ms)
	FinalizeReload (528ms)
		ReleaseScriptCaches (0ms)
		RebuildScriptCaches (0ms)
		SetupLoadedEditorAssemblies (396ms)
			LogAssemblyErrors (0ms)
			InitializePlatformSupportModulesInManaged (2ms)
			SetLoadedEditorAssemblies (3ms)
			BeforeProcessingInitializeOnLoad (34ms)
			ProcessInitializeOnLoadAttributes (325ms)
			ProcessInitializeOnLoadMethodAttributes (28ms)
			AfterProcessingInitializeOnLoad (4ms)
			EditorAssembliesLoaded (0ms)
		ExecutionOrderSort2 (0ms)
		AwakeInstancesAfterBackupRestoration (4ms)
Launched and connected shader compiler UnityShaderCompiler.exe after 0.04 seconds
Refreshing native plugins compatible for Editor in 1.71 ms, found 4 plugins.
Preloading 0 native plugins for Editor in 0.00 ms.
Unloading 28 Unused Serialized files (Serialized files now loaded: 0)
Unloading 4417 unused Assets / (0.9 MB). Loaded Objects now: 5017.
Memory consumption went from 122.3 MB to 121.3 MB.
Total: 5.309800 ms (FindLiveObjects: 0.316700 ms CreateObjectMapping: 0.145000 ms MarkObjects: 3.983400 ms  DeleteObjects: 0.863400 ms)

========================================================================
Received Import Request.
  Time since last request: 409724.529811 seconds.
  path: Assets/maou_se_battle_explosion03_[cut_2sec].wav
  artifactKey: Guid(79fb249f9f511df499017661088f7780) Importer(815301076,1909f56bfc062723c751e8b465ee728b)
Start importing Assets/maou_se_battle_explosion03_[cut_2sec].wav using Guid(79fb249f9f511df499017661088f7780) Importer(815301076,1909f56bfc062723c751e8b465ee728b) (PreviewImporter) -> (artifact id: 'f6cdb5e8db594e5eaa05ec9485fa3f80') in 0.0686077 seconds
Number of updated asset objects reloaded before import = 0Number of asset objects unloaded after import = 2

========================================================================
Received Import Request.
  Time since last request: 0.000013 seconds.
  path: Assets/TyuBossSmallBulletPrefab.prefab
  artifactKey: Guid(ad093ea46e0b6864d9daa3acbb8cf3f9) Importer(815301076,1909f56bfc062723c751e8b465ee728b)
Start importing Assets/TyuBossSmallBulletPrefab.prefab using Guid(ad093ea46e0b6864d9daa3acbb8cf3f9) Importer(815301076,1909f56bfc062723c751e8b465ee728b) (PreviewImporter) -> (artifact id: '4ed1e6b36adb5ec5a854f73470699171') in 0.0465699 seconds
Number of updated asset objects reloaded before import = 0Number of asset objects unloaded after import = 10

========================================================================
Received Import Request.
  Time since last request: 0.000011 seconds.
  path: Assets/PlayerBalletPrefab.prefab
  artifactKey: Guid(ec301baf8e6d26541975853a4c9f7d86) Importer(815301076,1909f56bfc062723c751e8b465ee728b)
Start importing Assets/PlayerBalletPrefab.prefab using Guid(ec301baf8e6d26541975853a4c9f7d86) Importer(815301076,1909f56bfc062723c751e8b465ee728b) (PreviewImporter) -> (artifact id: '301276987f46c7195a139c60178c50a3') in 0.0174082 seconds
Number of updated asset objects reloaded before import = 0Number of asset objects unloaded after import = 9

========================================================================
Received Import Request.
  Time since last request: 0.000013 seconds.
  path: Assets/pink_00108.jpg
  artifactKey: Guid(08a747a8fbf1c654b939391396da1242) Importer(815301076,1909f56bfc062723c751e8b465ee728b)
Start importing Assets/pink_00108.jpg using Guid(08a747a8fbf1c654b939391396da1242) Importer(815301076,1909f56bfc062723c751e8b465ee728b) (PreviewImporter) -> (artifact id: '46972fd78fc814de18206f39da7780b4') in 0.0467279 seconds
Number of updated asset objects reloaded before import = 0Number of asset objects unloaded after import = 3

========================================================================
Received Import Request.
  Time since last request: 0.000049 seconds.
  path: Assets/maou_se_8bit15.wav
  artifactKey: Guid(25ec5afd2e532684c9d1e4a1784ecdd0) Importer(815301076,1909f56bfc062723c751e8b465ee728b)
Start importing Assets/maou_se_8bit15.wav using Guid(25ec5afd2e532684c9d1e4a1784ecdd0) Importer(815301076,1909f56bfc062723c751e8b465ee728b) (PreviewImporter) -> (artifact id: '20be2f0d8e24a9e7a2f7c8d4ea7b5719') in 0.015337 seconds
Number of updated asset objects reloaded before import = 0Number of asset objects unloaded after import = 2

========================================================================
Received Import Request.
  Time since last request: 0.000069 seconds.
  path: Assets/PurpleBulletPrefab.prefab
  artifactKey: Guid(2b62ad6834aa816498336f85a44cc8ff) Importer(815301076,1909f56bfc062723c751e8b465ee728b)
Start importing Assets/PurpleBulletPrefab.prefab using Guid(2b62ad6834aa816498336f85a44cc8ff) Importer(815301076,1909f56bfc062723c751e8b465ee728b) (PreviewImporter) -> (artifact id: '4fdeac157ba26cebdfd76affb41efe65') in 0.0260711 seconds
Number of updated asset objects reloaded before import = 0Number of asset objects unloaded after import = 10

========================================================================
Received Import Request.
  Time since last request: 0.000013 seconds.
  path: Assets/TyuBossBigBulletPrefab.prefab
  artifactKey: Guid(e4140e2cfc7a44b4c9398460e967577a) Importer(815301076,1909f56bfc062723c751e8b465ee728b)
Start importing Assets/TyuBossBigBulletPrefab.prefab using Guid(e4140e2cfc7a44b4c9398460e967577a) Importer(815301076,1909f56bfc062723c751e8b465ee728b) (PreviewImporter) -> (artifact id: '68713c7d15c14d9ccbfab9f108cefd24') in 0.0221969 seconds
Number of updated asset objects reloaded before import = 0Number of asset objects unloaded after import = 19

========================================================================
Received Import Request.
  Time since last request: 0.000013 seconds.
  path: Assets/maou_se_8bit03.wav
  artifactKey: Guid(1db0c8cb648be404d9d16308b187d927) Importer(815301076,1909f56bfc062723c751e8b465ee728b)
Start importing Assets/maou_se_8bit03.wav using Guid(1db0c8cb648be404d9d16308b187d927) Importer(815301076,1909f56bfc062723c751e8b465ee728b) (PreviewImporter) -> (artifact id: '6c9a0d598434957b8777446752523b50') in 0.0107032 seconds
Number of updated asset objects reloaded before import = 0Number of asset objects unloaded after import = 2

========================================================================
Received Import Request.
  Time since last request: 0.000033 seconds.
  path: Assets/Texture_4_Diffuse.png
  artifactKey: Guid(b290f41417a1caf43aa7a4bd00e56e30) Importer(815301076,1909f56bfc062723c751e8b465ee728b)
Start importing Assets/Texture_4_Diffuse.png using Guid(b290f41417a1caf43aa7a4bd00e56e30) Importer(815301076,1909f56bfc062723c751e8b465ee728b) (PreviewImporter) -> (artifact id: '8ad68add09bf324137a5bedf2e40a429') in 0.0153854 seconds
Number of updated asset objects reloaded before import = 0Number of asset objects unloaded after import = 3

Editor requested this worker to shutdown with reason: Scaling down because of idle timeout
AssetImportWorker is now disconnected from the server
Process exiting
Exiting without the bug reporter. Application will terminate with return code 0